<?xml version="1.0" encoding="UTF-8"?>
<testng-results ignored="0" total="1" passed="1" failed="0" skipped="0">
  <reporter-output>
  </reporter-output>
  <suite started-at="2025-04-28T12:39:47 IST" name="Default suite" finished-at="2025-04-28T12:40:39 IST" duration-ms="52097">
    <groups>
    </groups>
    <test started-at="2025-04-28T12:39:47 IST" name="Default test" finished-at="2025-04-28T12:40:39 IST" duration-ms="52097">
      <class name="Amazon_Login.Amazon_Login_Test">
        <test-method is-config="true" signature="setup()[pri:0, instance:Amazon_Login.Amazon_Login_Test@1530c739]" started-at="2025-04-28T12:39:47 IST" name="setup" finished-at="2025-04-28T12:39:57 IST" duration-ms="9839" status="PASS">
          <reporter-output>
          </reporter-output>
        </test-method> <!-- setup -->
        <test-method signature="productSearch()[pri:0, instance:Amazon_Login.Amazon_Login_Test@1530c739]" started-at="2025-04-28T12:39:57 IST" name="productSearch" finished-at="2025-04-28T12:40:34 IST" duration-ms="37715" status="PASS">
          <reporter-output>
          </reporter-output>
        </test-method> <!-- productSearch -->
        <test-method is-config="true" signature="tearDown()[pri:0, instance:Amazon_Login.Amazon_Login_Test@1530c739]" started-at="2025-04-28T12:40:34 IST" name="tearDown" finished-at="2025-04-28T12:40:39 IST" duration-ms="4453" status="PASS">
          <reporter-output>
          </reporter-output>
        </test-method> <!-- tearDown -->
      </class> <!-- Amazon_Login.Amazon_Login_Test -->
    </test> <!-- Default test -->
  </suite> <!-- Default suite -->
</testng-results>
